D, [2015-01-24T17:11:10.495378 #785] DEBUG -- : Changing station to: gaslight
D, [2015-01-24T17:12:06.540358 #785] DEBUG -- : Changing station to: gaslight
D, [2015-01-24T17:16:51.418823 #983] DEBUG -- : Changing station to: gaslight!
D, [2015-01-24T17:17:00.001217 #983] DEBUG -- : Changing station to: gaslight
D, [2015-01-24T17:25:23.173177 #983] DEBUG -- : 0) 60s, 70s, and 80s Hits Radio
1) 90s Pop Radio
2) alt-J Radio
3) Anna Sun Radio
4) Arcade Fire Radio
5) B.B. King Radio
6) Baby Lullaby Radio
7) Bob Dylan Radio
8) Bob Marley Radio
9) Boston Radio
10) Cage The Elephant Radio
11) Cake Radio
12) Cake Raido
13) Calm Meditation Radio
14) Christmas Radio
15) Classic Rock
16) Damian Marley Radio
17) Derek Decker Radio
18) Dispatch Radio
19) Donavon Frankenreiter Radio
20) Elton John Radio
21) Explosions In The Sky Radio
22) Feist Radio
23) Florence + The Machine Radio
24) Foo Fighters Radio
25) Fortunate Youth Radio
26) Glee Cast Radio
27) Gorillaz Radio
28) Jason Mraz Radio
29) Jim Croce Radio
30) Journey Radio
31) Kesha Radio
32) LCD Soundsystem Radio
33) Lorde Radio
34) Movie Soundtracks Radio
35) Neil Young & Crazy Horse Radio
36) Ocean Waves For Deep Sleep Radio
37) Pink Floyd Radio
38) Pop Fitness Radio
39) Queen Radio
40) QuickMix
41) Ray Charles Radio
42) Reggae Regulars Radio
43) Soundscapes & Lullabies Radio
44) Sparklehorse Radio
45) Spice Girls Radio
46) Splashdown Radio
47) Stevie Ray Vaughan Radio
48) Surf
49) Swing Masters Radio
50) Swing Radio
51) Tenacious D Radio
52) The Beach Boys Radio
53) The Cars Radio
54) The Cure Radio
55) The Dubliners Radio
56) The Flaming Lips Radio
57) The Gaslight Anthem Radio
58) The Presidents Of The United States Of America Radio
59) The Shins Radio
60) The Vitamin String Quartet Radio
61) Trash Music
62) Walt Disney (Children's) Radio
63) Wicked (Original Broadway Cast) Radio
64) Wonderboy Radio

D, [2015-01-24T17:25:23.176818 #983] DEBUG -- : Changing station to: gaslight
D, [2015-01-24T17:30:54.873851 #983] DEBUG -- : Changing station to: gaslight - 
D, [2015-01-24T17:32:06.095364 #983] DEBUG -- : Changing station to: gaslight - 
D, [2015-01-24T17:32:26.651961 #983] DEBUG -- : MATCHED! 57) The Gaslight Anthem Radio

D, [2015-01-24T17:32:26.659235 #983] DEBUG -- : Changing station to: gaslight - 57
D, [2015-01-24T17:33:19.791047 #983] DEBUG -- : MATCHED! 57) The Gaslight Anthem Radio

D, [2015-01-24T17:33:19.863094 #983] DEBUG -- : Changing station to: gaslight - 57
D, [2015-01-24T17:35:00.838101 #983] DEBUG -- : MATCHED! 2) alt-J Radio

D, [2015-01-24T17:35:00.920996 #983] DEBUG -- : Changing station to: alt-j - 2
